TN:
SF:/Users/lzz/github/pandora/events/src/index.js
FN:23,(anonymous_1)
FN:49,(anonymous_2)
FN:60,(anonymous_3)
FN:78,(anonymous_4)
FN:79,(anonymous_5)
FN:99,(anonymous_6)
FN:149,(anonymous_7)
FNF:7
FNH:5
FNDA:15,(anonymous_1)
FNDA:21,(anonymous_2)
FNDA:21,(anonymous_3)
FNDA:0,(anonymous_4)
FNDA:0,(anonymous_5)
FNDA:6,(anonymous_6)
FNDA:27,(anonymous_7)
DA:9,1
DA:11,1
DA:23,1
DA:26,1
DA:51,21
DA:55,21
DA:56,6
DA:58,15
DA:61,21
DA:62,21
DA:63,21
DA:64,23
DA:65,23
DA:69,21
DA:80,0
DA:81,0
DA:82,0
DA:84,0
DA:101,6
DA:105,6
DA:106,1
DA:109,5
DA:110,1
DA:111,1
DA:114,4
DA:116,4
DA:117,5
DA:119,5
DA:120,1
DA:123,4
DA:124,3
DA:127,4
DA:128,9
DA:129,4
DA:134,4
DA:150,27
DA:155,27
DA:156,1
DA:159,26
DA:161,26
DA:162,26
DA:164,26
DA:166,27
DA:171,27
DA:172,27
DA:175,27
DA:176,8
DA:180,27
DA:182,27
DA:183,26
DA:187,26
DA:193,1
DA:195,1
LF:53
LH:49
BRDA:50,1,0,21
BRDA:50,1,1,13
BRDA:54,2,0,6
BRDA:54,2,1,15
BRDA:63,3,0,23
BRDA:63,3,1,19
BRDA:105,4,0,1
BRDA:105,4,1,5
BRDA:109,5,0,1
BRDA:109,5,1,4
BRDA:119,6,0,1
BRDA:119,6,1,4
BRDA:123,7,0,3
BRDA:123,7,1,1
BRDA:128,8,0,4
BRDA:128,8,1,5
BRDA:160,9,0,1
BRDA:160,9,1,26
BRDA:160,10,0,27
BRDA:160,10,1,26
BRDA:166,11,0,26
BRDA:166,11,1,26
BRDA:167,12,0,26
BRDA:167,12,1,26
BRDA:176,13,0,27
BRDA:176,13,1,0
BRDA:180,14,0,8
BRDA:180,14,1,19
BRDA:185,15,0,27
BRDA:185,15,1,24
BRDA:188,16,0,26
BRDA:188,16,1,1
BRF:32
BRH:31
end_of_record
